
chi , The student ID is v2022786borrow the book :To Kill a Mockingbird
chi , The student ID is v2022786return the book :To Kill a Mockingbird
chi , The student ID is v2022786borrow the book :To Kill a Mockingbird
chi , The student ID is v2022786borrow the book :Pride and Prejudice
chi , The student ID is v2022786borrow the book :To Kill a Mockingbird
chi , The student ID is v2022786borrow the book :The Great Gatsby
chi , The student ID is v2022786return the book :Pride and Prejudice
chi , The student ID is v2022borrow the book :To Kill a Mockingbird
chi , The student ID is v2022borrow the book :Pride and Prejudice
chi , The student ID is V202200789borrow the book :To Kill a Mockingbird
chi , The student ID is V202200789return the book :To Kill a Mockingbird
chi , The student ID is V202200786borrow the book :To Kill a Mockingbird
chi , The student ID is V202200786return the book :To Kill a Mockingbird
chi , The student ID is V202200786borrow the book :To Kill a Mockingbird
chi , The student ID is V202200786borrow the book :Pride and Prejudice
Dan , The student ID is V2020202borrow the book :To Kill a Mockingbird
Dan , The student ID is V2020202borrow the book :Harry Potter and the Sorcerer's Stone
chi , The student ID is 202200789borrow the book :To Kill a Mockingbird
chi , The student ID is 202200789borrow the book :Pride and Prejudice
chi , The student ID is V202200786borrow the book :To Kill a Mockingbird
chi , The student ID is V202200786borrow the book :Pride and Prejudice
chi , The student ID is V202200786return the book :Pride and Prejudice
da , The student ID is v2022borrow the book :The Great Gatsby
chi , The student ID is asdfborrow the book :To Kill a Mockingbird
chi , The student ID is asdfreturn the book :To Kill a Mockingbird
chi , The student ID is asdfborrow the book :To Kill a Mockingbird
chi , The student ID is asdfreturn the book :To Kill a Mockingbird
chi , The student ID is asdborrow the book :To Kill a Mockingbird
jhg , The student ID is asdfborrow the book :To Kill a Mockingbird
jhg , The student ID is asdfreturn the book :To Kill a Mockingbird
